2018.05.10 13:46 B C:\document\fortran\fourth_edition\data_files\input_data_files\aberporth_rainfall.csv --> lynx.mythic-beasts.com /home/udaa260/www/www.rhymneyconsulting.co.uk/fortran/fourth_edition/data_files/input_data_files aberporth_rainfall.csv
2018.05.10 13:46 B C:\document\fortran\fourth_edition\data_files\input_data_files\address.txt --> lynx.mythic-beasts.com /home/udaa260/www/www.rhymneyconsulting.co.uk/fortran/fourth_edition/data_files/input_data_files address.txt
2018.05.10 13:46 B C:\document\fortran\fourth_edition\data_files\input_data_files\cardiffdata.txt --> lynx.mythic-beasts.com /home/udaa260/www/www.rhymneyconsulting.co.uk/fortran/fourth_edition/data_files/input_data_files cardiffdata.txt
2018.05.10 13:46 B C:\document\fortran\fourth_edition\data_files\input_data_files\ch1001.out --> lynx.mythic-beasts.com /home/udaa260/www/www.rhymneyconsulting.co.uk/fortran/fourth_edition/data_files/input_data_files ch1001.out
2018.05.10 13:46 B C:\document\fortran\fourth_edition\data_files\input_data_files\ch1001.txt --> lynx.mythic-beasts.com /home/udaa260/www/www.rhymneyconsulting.co.uk/fortran/fourth_edition/data_files/input_data_files ch1001.txt
2018.05.10 13:46 B C:\document\fortran\fourth_edition\data_files\input_data_files\ch1006.txt --> lynx.mythic-beasts.com /home/udaa260/www/www.rhymneyconsulting.co.uk/fortran/fourth_edition/data_files/input_data_files ch1006.txt
2018.05.10 13:46 B C:\document\fortran\fourth_edition\data_files\input_data_files\ch1101.txt --> lynx.mythic-beasts.com /home/udaa260/www/www.rhymneyconsulting.co.uk/fortran/fourth_edition/data_files/input_data_files ch1101.txt
2018.05.10 13:46 B C:\document\fortran\fourth_edition\data_files\input_data_files\ch2002.txt --> lynx.mythic-beasts.com /home/udaa260/www/www.rhymneyconsulting.co.uk/fortran/fourth_edition/data_files/input_data_files ch2002.txt
2018.05.10 13:46 B C:\document\fortran\fourth_edition\data_files\input_data_files\ch2006.txt --> lynx.mythic-beasts.com /home/udaa260/www/www.rhymneyconsulting.co.uk/fortran/fourth_edition/data_files/input_data_files ch2006.txt
2018.05.10 13:46 B C:\document\fortran\fourth_edition\data_files\input_data_files\ch2201.txt --> lynx.mythic-beasts.com /home/udaa260/www/www.rhymneyconsulting.co.uk/fortran/fourth_edition/data_files/input_data_files ch2201.txt
2018.05.10 13:46 B C:\document\fortran\fourth_edition\data_files\input_data_files\ch2202.txt --> lynx.mythic-beasts.com /home/udaa260/www/www.rhymneyconsulting.co.uk/fortran/fourth_edition/data_files/input_data_files ch2202.txt
2018.05.10 13:46 B C:\document\fortran\fourth_edition\data_files\input_data_files\ch2601_x.txt --> lynx.mythic-beasts.com /home/udaa260/www/www.rhymneyconsulting.co.uk/fortran/fourth_edition/data_files/input_data_files ch2601_x.txt
2018.05.10 13:46 B C:\document\fortran\fourth_edition\data_files\input_data_files\ch2601_y.txt --> lynx.mythic-beasts.com /home/udaa260/www/www.rhymneyconsulting.co.uk/fortran/fourth_edition/data_files/input_data_files ch2601_y.txt
2018.05.10 13:46 B C:\document\fortran\fourth_edition\data_files\input_data_files\ch2603.txt --> lynx.mythic-beasts.com /home/udaa260/www/www.rhymneyconsulting.co.uk/fortran/fourth_edition/data_files/input_data_files ch2603.txt
2018.05.10 13:46 B C:\document\fortran\fourth_edition\data_files\input_data_files\ch2605.txt --> lynx.mythic-beasts.com /home/udaa260/www/www.rhymneyconsulting.co.uk/fortran/fourth_edition/data_files/input_data_files ch2605.txt
2018.05.10 13:46 B C:\document\fortran\fourth_edition\data_files\input_data_files\ch3305.dat --> lynx.mythic-beasts.com /home/udaa260/www/www.rhymneyconsulting.co.uk/fortran/fourth_edition/data_files/input_data_files ch3305.dat
2018.05.10 13:46 B C:\document\fortran\fourth_edition\data_files\input_data_files\ch3701_input_file.txt --> lynx.mythic-beasts.com /home/udaa260/www/www.rhymneyconsulting.co.uk/fortran/fourth_edition/data_files/input_data_files ch3701_input_file.txt
2018.05.10 13:46 B C:\document\fortran\fourth_edition\data_files\input_data_files\data.txt --> lynx.mythic-beasts.com /home/udaa260/www/www.rhymneyconsulting.co.uk/fortran/fourth_edition/data_files/input_data_files data.txt
2018.05.10 13:46 B C:\document\fortran\fourth_edition\data_files\input_data_files\eastbournedata.txt --> lynx.mythic-beasts.com /home/udaa260/www/www.rhymneyconsulting.co.uk/fortran/fourth_edition/data_files/input_data_files eastbournedata.txt
2018.05.10 13:46 B C:\document\fortran\fourth_edition\data_files\input_data_files\end_data_line.txt --> lynx.mythic-beasts.com /home/udaa260/www/www.rhymneyconsulting.co.uk/fortran/fourth_edition/data_files/input_data_files end_data_line.txt
2018.05.10 13:46 B C:\document\fortran\fourth_edition\data_files\input_data_files\first_data_line.txt --> lynx.mythic-beasts.com /home/udaa260/www/www.rhymneyconsulting.co.uk/fortran/fourth_edition/data_files/input_data_files first_data_line.txt
2018.05.10 13:46 B C:\document\fortran\fourth_edition\data_files\input_data_files\input_files.tar --> lynx.mythic-beasts.com /home/udaa260/www/www.rhymneyconsulting.co.uk/fortran/fourth_edition/data_files/input_data_files input_files.tar
2018.05.10 13:46 B C:\document\fortran\fourth_edition\data_files\input_data_files\julian_dates.dat --> lynx.mythic-beasts.com /home/udaa260/www/www.rhymneyconsulting.co.uk/fortran/fourth_edition/data_files/input_data_files julian_dates.dat
2018.05.10 13:46 B C:\document\fortran\fourth_edition\data_files\input_data_files\lerwickdata.txt --> lynx.mythic-beasts.com /home/udaa260/www/www.rhymneyconsulting.co.uk/fortran/fourth_edition/data_files/input_data_files lerwickdata.txt
2018.05.10 13:46 B C:\document\fortran\fourth_edition\data_files\input_data_files\leucharsdata.txt --> lynx.mythic-beasts.com /home/udaa260/www/www.rhymneyconsulting.co.uk/fortran/fourth_edition/data_files/input_data_files leucharsdata.txt
2018.05.10 13:46 B C:\document\fortran\fourth_edition\data_files\input_data_files\line_count.txt --> lynx.mythic-beasts.com /home/udaa260/www/www.rhymneyconsulting.co.uk/fortran/fourth_edition/data_files/input_data_files line_count.txt
2018.05.10 13:46 B C:\document\fortran\fourth_edition\data_files\input_data_files\location_line.txt --> lynx.mythic-beasts.com /home/udaa260/www/www.rhymneyconsulting.co.uk/fortran/fourth_edition/data_files/input_data_files location_line.txt
2018.05.10 13:47 B C:\document\fortran\fourth_edition\data_files\input_data_files\nairndata.txt --> lynx.mythic-beasts.com /home/udaa260/www/www.rhymneyconsulting.co.uk/fortran/fourth_edition/data_files/input_data_files nairndata.txt
2018.05.10 13:47 B C:\document\fortran\fourth_edition\data_files\input_data_files\nairndata_01.txt --> lynx.mythic-beasts.com /home/udaa260/www/www.rhymneyconsulting.co.uk/fortran/fourth_edition/data_files/input_data_files nairndata_01.txt
2018.05.10 13:47 B C:\document\fortran\fourth_edition\data_files\input_data_files\paisleydata.txt --> lynx.mythic-beasts.com /home/udaa260/www/www.rhymneyconsulting.co.uk/fortran/fourth_edition/data_files/input_data_files paisleydata.txt
2018.05.10 13:47 B C:\document\fortran\fourth_edition\data_files\input_data_files\person.txt --> lynx.mythic-beasts.com /home/udaa260/www/www.rhymneyconsulting.co.uk/fortran/fourth_edition/data_files/input_data_files person.txt
2018.05.10 13:47 B C:\document\fortran\fourth_edition\data_files\input_data_files\rossonwyedata.txt --> lynx.mythic-beasts.com /home/udaa260/www/www.rhymneyconsulting.co.uk/fortran/fourth_edition/data_files/input_data_files rossonwyedata.txt
2018.05.10 13:47 B C:\document\fortran\fourth_edition\data_files\input_data_files\third_line.txt --> lynx.mythic-beasts.com /home/udaa260/www/www.rhymneyconsulting.co.uk/fortran/fourth_edition/data_files/input_data_files third_line.txt
2018.05.10 13:47 B C:\document\fortran\fourth_edition\data_files\input_data_files\tsunami.txt --> lynx.mythic-beasts.com /home/udaa260/www/www.rhymneyconsulting.co.uk/fortran/fourth_edition/data_files/input_data_files tsunami.txt
2018.05.10 13:47 B C:\document\fortran\fourth_edition\data_files\input_data_files\valleydata.txt --> lynx.mythic-beasts.com /home/udaa260/www/www.rhymneyconsulting.co.uk/fortran/fourth_edition/data_files/input_data_files valleydata.txt
2018.05.10 13:47 B C:\document\fortran\fourth_edition\data_files\input_data_files\words.txt --> lynx.mythic-beasts.com /home/udaa260/www/www.rhymneyconsulting.co.uk/fortran/fourth_edition/data_files/input_data_files words.txt
2018.05.10 13:47 A C:\document\fortran\fourth_edition\data_files\input_data_files\aberporth_rainfall.csv --> lynx.mythic-beasts.com /home/udaa260/www/www.rhymneyconsulting.co.uk/fortran/fourth_edition/data_files/input_data_files aberporth_rainfall.csv
2018.05.10 13:47 A C:\document\fortran\fourth_edition\data_files\input_data_files\address.txt --> lynx.mythic-beasts.com /home/udaa260/www/www.rhymneyconsulting.co.uk/fortran/fourth_edition/data_files/input_data_files address.txt
2018.05.10 13:47 A C:\document\fortran\fourth_edition\data_files\input_data_files\cardiffdata.txt --> lynx.mythic-beasts.com /home/udaa260/www/www.rhymneyconsulting.co.uk/fortran/fourth_edition/data_files/input_data_files cardiffdata.txt
2018.05.10 13:47 A C:\document\fortran\fourth_edition\data_files\input_data_files\ch1001.out --> lynx.mythic-beasts.com /home/udaa260/www/www.rhymneyconsulting.co.uk/fortran/fourth_edition/data_files/input_data_files ch1001.out
2018.05.10 13:47 A C:\document\fortran\fourth_edition\data_files\input_data_files\ch1001.txt --> lynx.mythic-beasts.com /home/udaa260/www/www.rhymneyconsulting.co.uk/fortran/fourth_edition/data_files/input_data_files ch1001.txt
2018.05.10 13:47 A C:\document\fortran\fourth_edition\data_files\input_data_files\ch1006.txt --> lynx.mythic-beasts.com /home/udaa260/www/www.rhymneyconsulting.co.uk/fortran/fourth_edition/data_files/input_data_files ch1006.txt
2018.05.10 13:47 A C:\document\fortran\fourth_edition\data_files\input_data_files\ch1101.txt --> lynx.mythic-beasts.com /home/udaa260/www/www.rhymneyconsulting.co.uk/fortran/fourth_edition/data_files/input_data_files ch1101.txt
2018.05.10 13:47 A C:\document\fortran\fourth_edition\data_files\input_data_files\ch2002.txt --> lynx.mythic-beasts.com /home/udaa260/www/www.rhymneyconsulting.co.uk/fortran/fourth_edition/data_files/input_data_files ch2002.txt
2018.05.10 13:47 A C:\document\fortran\fourth_edition\data_files\input_data_files\ch2006.txt --> lynx.mythic-beasts.com /home/udaa260/www/www.rhymneyconsulting.co.uk/fortran/fourth_edition/data_files/input_data_files ch2006.txt
2018.05.10 13:47 A C:\document\fortran\fourth_edition\data_files\input_data_files\ch2201.txt --> lynx.mythic-beasts.com /home/udaa260/www/www.rhymneyconsulting.co.uk/fortran/fourth_edition/data_files/input_data_files ch2201.txt
2018.05.10 13:47 A C:\document\fortran\fourth_edition\data_files\input_data_files\ch2202.txt --> lynx.mythic-beasts.com /home/udaa260/www/www.rhymneyconsulting.co.uk/fortran/fourth_edition/data_files/input_data_files ch2202.txt
2018.05.10 13:47 A C:\document\fortran\fourth_edition\data_files\input_data_files\ch2601_x.txt --> lynx.mythic-beasts.com /home/udaa260/www/www.rhymneyconsulting.co.uk/fortran/fourth_edition/data_files/input_data_files ch2601_x.txt
2018.05.10 13:47 A C:\document\fortran\fourth_edition\data_files\input_data_files\ch2601_y.txt --> lynx.mythic-beasts.com /home/udaa260/www/www.rhymneyconsulting.co.uk/fortran/fourth_edition/data_files/input_data_files ch2601_y.txt
2018.05.10 13:47 A C:\document\fortran\fourth_edition\data_files\input_data_files\ch2603.txt --> lynx.mythic-beasts.com /home/udaa260/www/www.rhymneyconsulting.co.uk/fortran/fourth_edition/data_files/input_data_files ch2603.txt
2018.05.10 13:47 A C:\document\fortran\fourth_edition\data_files\input_data_files\ch2605.txt --> lynx.mythic-beasts.com /home/udaa260/www/www.rhymneyconsulting.co.uk/fortran/fourth_edition/data_files/input_data_files ch2605.txt
2018.05.10 13:47 A C:\document\fortran\fourth_edition\data_files\input_data_files\ch3305.dat --> lynx.mythic-beasts.com /home/udaa260/www/www.rhymneyconsulting.co.uk/fortran/fourth_edition/data_files/input_data_files ch3305.dat
2018.05.10 13:47 A C:\document\fortran\fourth_edition\data_files\input_data_files\ch3701_input_file.txt --> lynx.mythic-beasts.com /home/udaa260/www/www.rhymneyconsulting.co.uk/fortran/fourth_edition/data_files/input_data_files ch3701_input_file.txt
2018.05.10 13:47 A C:\document\fortran\fourth_edition\data_files\input_data_files\data.txt --> lynx.mythic-beasts.com /home/udaa260/www/www.rhymneyconsulting.co.uk/fortran/fourth_edition/data_files/input_data_files data.txt
2018.05.10 13:47 A C:\document\fortran\fourth_edition\data_files\input_data_files\eastbournedata.txt --> lynx.mythic-beasts.com /home/udaa260/www/www.rhymneyconsulting.co.uk/fortran/fourth_edition/data_files/input_data_files eastbournedata.txt
2018.05.10 13:47 A C:\document\fortran\fourth_edition\data_files\input_data_files\end_data_line.txt --> lynx.mythic-beasts.com /home/udaa260/www/www.rhymneyconsulting.co.uk/fortran/fourth_edition/data_files/input_data_files end_data_line.txt
2018.05.10 13:47 A C:\document\fortran\fourth_edition\data_files\input_data_files\first_data_line.txt --> lynx.mythic-beasts.com /home/udaa260/www/www.rhymneyconsulting.co.uk/fortran/fourth_edition/data_files/input_data_files first_data_line.txt
2018.05.10 13:47 A C:\document\fortran\fourth_edition\data_files\input_data_files\input_files.tar --> lynx.mythic-beasts.com /home/udaa260/www/www.rhymneyconsulting.co.uk/fortran/fourth_edition/data_files/input_data_files input_files.tar
2018.05.10 13:47 A C:\document\fortran\fourth_edition\data_files\input_data_files\julian_dates.dat --> lynx.mythic-beasts.com /home/udaa260/www/www.rhymneyconsulting.co.uk/fortran/fourth_edition/data_files/input_data_files julian_dates.dat
2018.05.10 13:47 A C:\document\fortran\fourth_edition\data_files\input_data_files\lerwickdata.txt --> lynx.mythic-beasts.com /home/udaa260/www/www.rhymneyconsulting.co.uk/fortran/fourth_edition/data_files/input_data_files lerwickdata.txt
2018.05.10 13:47 A C:\document\fortran\fourth_edition\data_files\input_data_files\leucharsdata.txt --> lynx.mythic-beasts.com /home/udaa260/www/www.rhymneyconsulting.co.uk/fortran/fourth_edition/data_files/input_data_files leucharsdata.txt
2018.05.10 13:47 A C:\document\fortran\fourth_edition\data_files\input_data_files\line_count.txt --> lynx.mythic-beasts.com /home/udaa260/www/www.rhymneyconsulting.co.uk/fortran/fourth_edition/data_files/input_data_files line_count.txt
2018.05.10 13:47 A C:\document\fortran\fourth_edition\data_files\input_data_files\location_line.txt --> lynx.mythic-beasts.com /home/udaa260/www/www.rhymneyconsulting.co.uk/fortran/fourth_edition/data_files/input_data_files location_line.txt
2018.05.10 13:47 A C:\document\fortran\fourth_edition\data_files\input_data_files\nairndata.txt --> lynx.mythic-beasts.com /home/udaa260/www/www.rhymneyconsulting.co.uk/fortran/fourth_edition/data_files/input_data_files nairndata.txt
2018.05.10 13:47 A C:\document\fortran\fourth_edition\data_files\input_data_files\nairndata_01.txt --> lynx.mythic-beasts.com /home/udaa260/www/www.rhymneyconsulting.co.uk/fortran/fourth_edition/data_files/input_data_files nairndata_01.txt
2018.05.10 13:47 A C:\document\fortran\fourth_edition\data_files\input_data_files\paisleydata.txt --> lynx.mythic-beasts.com /home/udaa260/www/www.rhymneyconsulting.co.uk/fortran/fourth_edition/data_files/input_data_files paisleydata.txt
2018.05.10 13:47 A C:\document\fortran\fourth_edition\data_files\input_data_files\person.txt --> lynx.mythic-beasts.com /home/udaa260/www/www.rhymneyconsulting.co.uk/fortran/fourth_edition/data_files/input_data_files person.txt
2018.05.10 13:47 A C:\document\fortran\fourth_edition\data_files\input_data_files\rossonwyedata.txt --> lynx.mythic-beasts.com /home/udaa260/www/www.rhymneyconsulting.co.uk/fortran/fourth_edition/data_files/input_data_files rossonwyedata.txt
2018.05.10 13:47 A C:\document\fortran\fourth_edition\data_files\input_data_files\third_line.txt --> lynx.mythic-beasts.com /home/udaa260/www/www.rhymneyconsulting.co.uk/fortran/fourth_edition/data_files/input_data_files third_line.txt
2018.05.10 13:47 A C:\document\fortran\fourth_edition\data_files\input_data_files\tsunami.txt --> lynx.mythic-beasts.com /home/udaa260/www/www.rhymneyconsulting.co.uk/fortran/fourth_edition/data_files/input_data_files tsunami.txt
2018.05.10 13:47 A C:\document\fortran\fourth_edition\data_files\input_data_files\valleydata.txt --> lynx.mythic-beasts.com /home/udaa260/www/www.rhymneyconsulting.co.uk/fortran/fourth_edition/data_files/input_data_files valleydata.txt
2018.05.10 13:48 A C:\document\fortran\fourth_edition\data_files\input_data_files\words.txt --> lynx.mythic-beasts.com /home/udaa260/www/www.rhymneyconsulting.co.uk/fortran/fourth_edition/data_files/input_data_files words.txt
2018.05.10 13:48 B C:\document\fortran\fourth_edition\data_files\input_data_files\julian_dates.dat --> lynx.mythic-beasts.com /home/udaa260/www/www.rhymneyconsulting.co.uk/fortran/fourth_edition/data_files/input_data_files julian_dates.dat
